<?xml version="1.0" encoding="UTF-8" standalone="no"?><testsuite errors="0" failures="1" name="as a quality analyst" skipped="0" tests="1" time="53.23" timestamp="2023-05-07 09:54:11"><testcase name="Purchase of many products"><failure message="Expected condition failed: waiting for By.xpath: //div[@class='exito-product-details-3-x-classForMainOffer']//div[@class='vtex-flex-layout-0-x-flexRow vtex-flex-layout-0-x-flexRow--row-buy-button']//div[@class='exito-vtex-components-4-x-mainBuyButton'] to be present (tried for 25 second(s) with 100 milliseconds interval)&#10;Build info: version: '4.1.4', revision: '535d840ee2'&#10;System info: host: 'DESKTOP-P14Q3PI', ip: '192.168.56.1', os.name: 'Windows 10', os.arch: 'amd64', os.version: '10.0', java.version: '1.8.0_302'&#10;Driver info: driver.version: unknown" type="net.thucydides.core.webdriver.exceptions.ElementShouldBePresentException">Expected condition failed: waiting for By.xpath: //div[@class='exito-product-details-3-x-classForMainOffer']//div[@class='vtex-flex-layout-0-x-flexRow vtex-flex-layout-0-x-flexRow--row-buy-button']//div[@class='exito-vtex-components-4-x-mainBuyButton'] to be present (tried for 25 second(s) with 100 milliseconds interval)
Build info: version: '4.1.4', revision: '535d840ee2'
System info: host: 'DESKTOP-P14Q3PI', ip: '192.168.56.1', os.name: 'Windows 10', os.arch: 'amd64', os.version: '10.0', java.version: '1.8.0_302'
Driver info: driver.version: unknown</failure><system-err>Expected condition failed: waiting for By.xpath: //div[@class='exito-product-details-3-x-classForMainOffer']//div[@class='vtex-flex-layout-0-x-flexRow vtex-flex-layout-0-x-flexRow--row-buy-button']//div[@class='exito-vtex-components-4-x-mainBuyButton'] to be present (tried for 25 second(s) with 100 milliseconds interval)
Build info: version: '4.1.4', revision: '535d840ee2'
System info: host: 'DESKTOP-P14Q3PI', ip: '192.168.56.1', os.name: 'Windows 10', os.arch: 'amd64', os.version: '10.0', java.version: '1.8.0_302'
Driver info: driver.version: unknown&#13;
com.exito.tasks.purchase.performAs(purchase.java:38)&#13;
com.exito.stepdefinitions.PurchaseManyProductsStepDefinition.selectDifferentProducts(PurchaseManyProductsStepDefinition.java:28)&#13;
io.cucumber.java.Invoker.doInvoke(Invoker.java:66)&#13;
io.cucumber.java.Invoker.invoke(Invoker.java:24)&#13;
io.cucumber.java.AbstractGlueDefinition.invokeMethod(AbstractGlueDefinition.java:47)&#13;
io.cucumber.java.JavaStepDefinition.execute(JavaStepDefinition.java:29)&#13;
io.cucumber.core.runner.CoreStepDefinition.execute(CoreStepDefinition.java:66)&#13;
io.cucumber.core.runner.PickleStepDefinitionMatch.runStep(PickleStepDefinitionMatch.java:63)&#13;
io.cucumber.core.runner.TestStep.executeStep(TestStep.java:86)&#13;
io.cucumber.core.runner.TestStep.run(TestStep.java:57)&#13;
io.cucumber.core.runner.PickleStepTestStep.run(PickleStepTestStep.java:51)&#13;
io.cucumber.core.runner.TestCase.run(TestCase.java:95)&#13;
io.cucumber.core.runner.Runner.runPickle(Runner.java:75)&#13;
io.cucumber.core.runtime.CucumberExecutionContext.lambda$runTestCase$3(CucumberExecutionContext.java:151)&#13;
io.cucumber.core.runtime.RethrowingThrowableCollector.executeAndThrow(RethrowingThrowableCollector.java:23)&#13;
io.cucumber.core.runtime.CucumberExecutionContext.runTestCase(CucumberExecutionContext.java:151)&#13;
io.cucumber.junit.FeatureRunner.runChild(FeatureRunner.java:144)&#13;
io.cucumber.junit.FeatureRunner.runChild(FeatureRunner.java:28)&#13;
io.cucumber.junit.FeatureRunner.run(FeatureRunner.java:137)&#13;
io.cucumber.junit.CucumberSerenityRunner.runChild(CucumberSerenityRunner.java:258)&#13;
io.cucumber.junit.CucumberSerenityRunner.runChild(CucumberSerenityRunner.java:58)&#13;
worker.org.gradle.process.internal.worker.GradleWorkerMain.run(GradleWorkerMain.java:69)&#13;
worker.org.gradle.process.internal.worker.GradleWorkerMain.main(GradleWorkerMain.java:74)&#13;
</system-err></testcase></testsuite>